2024-07-25T13:00:49.467-03:00  INFO 9668 --- [demo] [restartedMain] com.application.app.SystemApplication    : Starting SystemApplication using Java 19.0.1 with PID 9668 (C:\Users\felip\Downloads\spring-auth\ap\target\classes started by felip in C:\Users\felip\Downloads\spring-auth\ap)
2024-07-25T13:00:49.472-03:00  INFO 9668 --- [demo] [restartedMain] com.application.app.SystemApplication    : No active profile set, falling back to 1 default profile: "default"
2024-07-25T13:00:49.659-03:00  INFO 9668 --- [demo] [restartedMain] .e.DevToolsPropertyDefaultsPostProcessor : Devtools property defaults active! Set 'spring.devtools.add-properties' to 'false' to disable
2024-07-25T13:00:55.446-03:00  INFO 9668 --- [demo] [restartedMain] .s.d.r.c.RepositoryConfigurationDelegate : Multiple Spring Data modules found, entering strict repository configuration mode
2024-07-25T13:00:55.450-03:00  INFO 9668 --- [demo] [restartedMain] .s.d.r.c.RepositoryConfigurationDelegate : Bootstrapping Spring Data JPA repositories in DEFAULT mode.
2024-07-25T13:00:56.008-03:00  INFO 9668 --- [demo] [restartedMain] .s.d.r.c.RepositoryConfigurationDelegate : Finished Spring Data repository scanning in 539 ms. Found 5 JPA repository interfaces.
2024-07-25T13:00:56.111-03:00  INFO 9668 --- [demo] [restartedMain] .s.d.r.c.RepositoryConfigurationDelegate : Multiple Spring Data modules found, entering strict repository configuration mode
2024-07-25T13:00:56.115-03:00  INFO 9668 --- [demo] [restartedMain] .s.d.r.c.RepositoryConfigurationDelegate : Bootstrapping Spring Data Redis repositories in DEFAULT mode.
2024-07-25T13:00:56.286-03:00  INFO 9668 --- [demo] [restartedMain] .RepositoryConfigurationExtensionSupport : Spring Data Redis - Could not safely identify store assignment for repository candidate interface com.application.app.repositories.PermissionRepository; If you want this repository to be a Redis repository, consider annotating your entities with one of these annotations: org.springframework.data.redis.core.RedisHash (preferred), or consider extending one of the following types with your repository: org.springframework.data.keyvalue.repository.KeyValueRepository
2024-07-25T13:00:56.296-03:00  INFO 9668 --- [demo] [restartedMain] .RepositoryConfigurationExtensionSupport : Spring Data Redis - Could not safely identify store assignment for repository candidate interface com.application.app.repositories.RoleRepository; If you want this repository to be a Redis repository, consider annotating your entities with one of these annotations: org.springframework.data.redis.core.RedisHash (preferred), or consider extending one of the following types with your repository: org.springframework.data.keyvalue.repository.KeyValueRepository
2024-07-25T13:00:56.298-03:00  INFO 9668 --- [demo] [restartedMain] .RepositoryConfigurationExtensionSupport : Spring Data Redis - Could not safely identify store assignment for repository candidate interface com.application.app.repositories.UserAccountRepository; If you want this repository to be a Redis repository, consider annotating your entities with one of these annotations: org.springframework.data.redis.core.RedisHash (preferred), or consider extending one of the following types with your repository: org.springframework.data.keyvalue.repository.KeyValueRepository
2024-07-25T13:00:56.299-03:00  INFO 9668 --- [demo] [restartedMain] .RepositoryConfigurationExtensionSupport : Spring Data Redis - Could not safely identify store assignment for repository candidate interface com.application.app.repositories.UserRepository; If you want this repository to be a Redis repository, consider annotating your entities with one of these annotations: org.springframework.data.redis.core.RedisHash (preferred), or consider extending one of the following types with your repository: org.springframework.data.keyvalue.repository.KeyValueRepository
2024-07-25T13:00:56.323-03:00  WARN 9668 --- [demo] [restartedMain] ConfigServletWebServerApplicationContext : Exception encountered during context initialization - cancelling refresh attempt: org.springframework.beans.factory.support.BeanDefinitionOverrideException: Invalid bean definition with name 'refreshTokenRepository' defined in com.application.app.repositories.RefreshTokenRepository defined in @EnableRedisRepositories declared on RedisRepositoriesRegistrar.EnableRedisRepositoriesConfiguration: Cannot register bean definition [Root bean: class [org.springframework.data.redis.repository.support.RedisRepositoryFactoryBean]; scope=; abstract=false; lazyInit=false; autowireMode=0; dependencyCheck=0; autowireCandidate=true; primary=false; factoryBeanName=null; factoryMethodName=null; initMethodNames=null; destroyMethodNames=null; defined in com.application.app.repositories.RefreshTokenRepository defined in @EnableRedisRepositories declared on RedisRepositoriesRegistrar.EnableRedisRepositoriesConfiguration] for bean 'refreshTokenRepository' since there is already [Root bean: class [org.springframework.data.jpa.repository.support.JpaRepositoryFactoryBean]; scope=; abstract=false; lazyInit=false; autowireMode=0; dependencyCheck=0; autowireCandidate=true; primary=false; factoryBeanName=null; factoryMethodName=null; initMethodNames=null; destroyMethodNames=null; defined in com.application.app.repositories.RefreshTokenRepository defined in @EnableJpaRepositories declared on JpaRepositoriesRegistrar.EnableJpaRepositoriesConfiguration] bound.
2024-07-25T13:00:56.384-03:00  INFO 9668 --- [demo] [restartedMain] .s.b.a.l.ConditionEvaluationReportLogger : 

Error starting ApplicationContext. To display the condition evaluation report re-run your application with 'debug' enabled.
2024-07-25T13:00:56.484-03:00 ERROR 9668 --- [demo] [restartedMain] o.s.b.d.LoggingFailureAnalysisReporter   : 

***************************
APPLICATION FAILED TO START
***************************

Description:

The bean 'refreshTokenRepository', defined in com.application.app.repositories.RefreshTokenRepository defined in @EnableRedisRepositories declared on RedisRepositoriesRegistrar.EnableRedisRepositoriesConfiguration, could not be registered. A bean with that name has already been defined in com.application.app.repositories.RefreshTokenRepository defined in @EnableJpaRepositories declared on JpaRepositoriesRegistrar.EnableJpaRepositoriesConfiguration and overriding is disabled.

Action:

Consider renaming one of the beans or enabling overriding by setting spring.main.allow-bean-definition-overriding=true

